515 112 139 477 0.0820654 5000
515 583 330 3043 0.0109193 5000
516 377 159 667 0.0573454 5000
515 3256 350 20748 0.00104893 5000
514 635 222 9838 0.00214913 5000
513 218 131 279 0.148113 5000
515 346 227 1875 0.0186184 5000
516 654 256 2922 0.0101781 5000
511 215 163 587 0.0666622 5000
514 450 194 2010 0.0188555 5000
518 573 228 2794 0.0105125 5000
513 408 212 1385 0.0258719 5000
515 244 177 1119 0.0339277 5000
515 533 208 5680 0.00366311 5000
514 1493 220 4089 0.00819445 5000
516 129 136 567 0.0652469 5000
514 389 154 630 0.0630581 5000
518 216 140 597 0.0613354 5000
516 159 154 518 0.0782411 5000
520 599 243 2051 0.01497 5000
516 235 156 860 0.0380185 5000
518 162 150 547 0.0707734 5000
513 1459 229 4430 0.00586964 5000
515 1658 240 19104 0.00106129 5000
514 534 176 2425 0.0117428 5000
516 221 156 910 0.0411472 5000
515 426 189 3363 0.00900748 5000
517 279 165 670 0.0566187 5000
515 392 189 1401 0.0238877 5000
515 965 302 17075 0.00144897 5000
515 502 199 6160 0.00366738 5000
515 305 166 993 0.035972 5000
515 869 230 4137 0.00634808 5000
515 236 169 854 0.0425217 5000
517 289 166 808 0.04551 5000
517 126 112 185 0.228739 5000
514 124 138 383 0.103913 5000
513 224 125 261 0.161311 5000
518 690 239 3453 0.0075015 5000
517 2199 271 8930 0.00291015 5000
515 1732 189 1720 0.0217965 5000
514 315 180 1608 0.0166503 5000
518 1171 195 2289 0.0159431 5000
516 571 205 1309 0.0272484 5000
513 972 256 6777 0.0035585 5000
514 2765 436 41053 0.000469401 5000
517 454 235 1507 0.0224884 5000
515 578 262 2209 0.0171302 5000
514 584 205 1722 0.0151369 5000
515 384 164 842 0.0447491 5000
515 816 229 3659 0.0090521 5000
514 424 216 2719 0.010111 5000
515 377 210 863 0.0402969 5000
523 1102 348 12129 0.00215028 5000
557 2066 441 12606 0.0021566 5000
546 212 147 543 0.0592319 5000
525 322 170 1205 0.0341995 5000
624 330 156 518 0.0876609 5000
